{"level":"debug","time":"2024-07-04T12:22:58.542+0200","caller":"cmd/bin.go:120","msg":"cli os: darwin, cli arch: arm64"}
{"level":"debug","time":"2024-07-04T12:22:58.919+0200","caller":"cmd/bin.go:129","msg":"Upstream version details: {Name:cli Min:0.2.195 Max:0.2.199} "}
{"level":"debug","time":"2024-07-04T12:22:59.794+0200","caller":"core/lifecycle.go:104","msg":"Setting environment"}
{"level":"debug","time":"2024-07-04T12:22:59.807+0200","caller":"core/lifecycle.go:107","msg":"Parsing config"}
{"level":"debug","time":"2024-07-04T12:22:59.807+0200","caller":"yamlconfigmanager/setup.go:569","msg":"Custom location for .hyperexecute.yaml specified. Using: hyperexecute.yaml"}
{"level":"debug","time":"2024-07-04T12:22:59.807+0200","caller":"yamlconfigmanager/setup.go:90","msg":"using hyperexecute config from : hyperexecute.yaml"}
{"level":"debug","time":"2024-07-04T12:23:00.884+0200","caller":"yamlconfigmanager/setup.go:2110","msg":"Autodetecting test type in files of path : /Users/la56qs/MyDevelopmentWork/TestExecutionPlatform/playwright-hyperexecute"}
{"level":"debug","time":"2024-07-04T12:23:00.894+0200","caller":"yamlconfigmanager/setup.go:2152","msg":"File in which test type is detected - /Users/la56qs/MyDevelopmentWork/TestExecutionPlatform/playwright-hyperexecute/pom.xml"}
{"level":"debug","time":"2024-07-04T12:23:00.894+0200","caller":"yamlconfigmanager/setup.go:2153","msg":"Pre command in which test type is detected - npm install playwright@1.23.0 --save-exact"}
{"level":"debug","time":"2024-07-04T12:23:00.894+0200","caller":"yamlconfigmanager/setup.go:397","msg":"Automatic test type detected - playwright"}
{"level":"debug","time":"2024-07-04T12:23:00.895+0200","caller":"yamlconfigmanager/setup.go:421","msg":"Tunnel: false"}
{"level":"info","time":"2024-07-04T12:23:00.895+0200","caller":"models/HypertestYamlConfig.go:634","msg":"\n\u001b[4m\u001b[1m\u001b[97mExecution Plan\u001b[0m\u001b[22m\u001b[24m"}
{"level":"info","time":"2024-07-04T12:23:00.895+0200","caller":"models/HypertestYamlConfig.go:440","msg":"Mode:    \u001b[36mmatrix\u001b[0m"}
{"level":"info","time":"2024-07-04T12:23:00.895+0200","caller":"models/HypertestYamlConfig.go:498","msg":"Runson:    \u001b[36mwin\u001b[0m"}
{"level":"info","time":"2024-07-04T12:23:00.895+0200","caller":"models/HypertestYamlConfig.go:506","msg":"Concurrency:    \u001b[36m2\u001b[0m"}
{"level":"info","time":"2024-07-04T12:23:00.895+0200","caller":"models/HypertestYamlConfig.go:567","msg":"Report:    \u001b[36mdisabled\u001b[0m"}
{"level":"info","time":"2024-07-04T12:23:00.895+0200","caller":"models/HypertestYamlConfig.go:581","msg":"Artefacts:"}
{"level":"info","time":"2024-07-04T12:23:00.895+0200","caller":"models/HypertestYamlConfig.go:584","msg":"    Surefire-Report:    \u001b[36mtarget/surefire-reports/**\u001b[0m"}
{"level":"info","time":"2024-07-04T12:23:00.895+0200","caller":"models/HypertestYamlConfig.go:599","msg":"Cache Directories:"}
{"level":"info","time":"2024-07-04T12:23:00.895+0200","caller":"models/HypertestYamlConfig.go:601","msg":"    \u001b[36m.m2\u001b[0m"}
{"level":"info","time":"2024-07-04T12:23:00.895+0200","caller":"models/HypertestYamlConfig.go:647","msg":""}
{"level":"debug","time":"2024-07-04T12:23:00.895+0200","caller":"filevalidator/setup.go:46","msg":"Warning: Checking data.json file in current directory, no dataJsonPath found in .hyperexecute.yaml"}
{"level":"debug","time":"2024-07-04T12:23:00.895+0200","caller":"filevalidator/setup.go:50","msg":"Warning: data.json file doesn't exist"}
{"level":"debug","time":"2024-07-04T12:23:01.412+0200","caller":"core/lifecycle.go:463","msg":"Job ID: 81833496-486a-408d-8d2e-b6402fddf393"}
{"level":"debug","time":"2024-07-04T12:23:01.412+0200","caller":"core/lifecycle.go:469","msg":"User has provided playwright as test type for the job with ID 81833496-486a-408d-8d2e-b6402fddf393"}
{"level":"debug","time":"2024-07-04T12:23:01.412+0200","caller":"events/manager.go:95","msg":"Starting event manager"}
{"level":"debug","time":"2024-07-04T12:23:01.412+0200","caller":"events/manager.go:97","msg":"SSE enabled, getting SSE connection"}
{"level":"debug","time":"2024-07-04T12:23:01.413+0200","caller":"archivemanager/setup.go:340","msg":"digestMap: map[]"}
{"level":"debug","time":"2024-07-04T12:23:01.414+0200","caller":"archivemanager/setup.go:346","msg":"Creating archive of target directory: /Users/la56qs/MyDevelopmentWork/TestExecutionPlatform/playwright-hyperexecute"}
{"level":"debug","time":"2024-07-04T12:23:01.480+0200","caller":"core/lifecycle.go:598","msg":"Zip file size: 10.43 kB"}
{"level":"debug","time":"2024-07-04T12:23:01.480+0200","caller":"core/lifecycle.go:608","msg":"Archive location: /Users/la56qs/MyDevelopmentWork/TestExecutionPlatform/playwright-hyperexecute/hyperexecute-code-81833496-486a-408d-8d2e-b6402fddf393.zip\n"}
{"level":"debug","time":"2024-07-04T12:23:01.482+0200","caller":"storage/azure.go:55","msg":"Payload size: 10.43 kB, source path /Users/la56qs/MyDevelopmentWork/TestExecutionPlatform/playwright-hyperexecute/hyperexecute-code-81833496-486a-408d-8d2e-b6402fddf393.zip"}
{"level":"debug","time":"2024-07-04T12:23:01.482+0200","caller":"utils/azcopy.go:143","msg":"Downloading dependency binary ..................."}
{"level":"debug","time":"2024-07-04T12:23:01.661+0200","caller":"utils/azcopy.go:100","msg":"Downloading dependency to upload files"}
{"level":"debug","time":"2024-07-04T12:23:01.688+0200","caller":"storage/azure.go:55","msg":"Payload size: 1.95 kB, source path /var/folders/y0/_0tc1f095m78vbw7gvs6fr1c0000gp/T/git.diff"}
{"level":"debug","time":"2024-07-04T12:23:01.932+0200","caller":"events/manager.go:277","msg":"connection to hyperexecute server established successfully."}
{"level":"info","time":"2024-07-04T12:23:04.166+0200","caller":"utils/azcopy.go:118","msg":"\u001b[91m\u001b[32m✔\u001b[0m Dependency binary downloaded successfully\u001b[0m"}
{"level":"debug","time":"2024-07-04T12:23:04.166+0200","caller":"utils/azcopy.go:190","msg":"returning from fallback"}
{"level":"debug","time":"2024-07-04T12:23:06.209+0200","caller":"receptionmanager/setup.go:255","msg":"number of entries in runtimes: 0, switching to new yaml format"}
{"level":"debug","time":"2024-07-04T12:23:06.209+0200","caller":"receptionmanager/setup.go:284","msg":"number of entries in partialreports: 0, switching to new yaml format"}
{"level":"debug","time":"2024-07-04T12:23:06.210+0200","caller":"receptionmanager/setup.go:172","msg":"Uploading yaml : /Users/la56qs/MyDevelopmentWork/TestExecutionPlatform/playwright-hyperexecute/.updatedhyperexecute.yaml"}
{"level":"debug","time":"2024-07-04T12:23:06.216+0200","caller":"storage/azure.go:55","msg":"Payload size: 2.87 kB, source path /Users/la56qs/MyDevelopmentWork/TestExecutionPlatform/playwright-hyperexecute/.updatedhyperexecute.yaml"}
{"level":"debug","time":"2024-07-04T12:23:09.090+0200","caller":"storage/azure.go:55","msg":"Payload size: 635 B, source path mask-81833496-486a-408d-8d2e-b6402fddf393.yaml"}
{"level":"debug","time":"2024-07-04T12:23:11.803+0200","caller":"core/lifecycle.go:636","msg":"Successfully deleted code archive: /Users/la56qs/MyDevelopmentWork/TestExecutionPlatform/playwright-hyperexecute/hyperexecute-code-81833496-486a-408d-8d2e-b6402fddf393.zip\n"}
{"level":"debug","time":"2024-07-04T12:23:13.629+0200","caller":"jobmanager/sse_setup.go:190","msg":"Task id: 40304aab-791b-49e1-91b1-a6bec7b1f2d6"}
{"level":"debug","time":"2024-07-04T12:23:13.629+0200","caller":"jobmanager/sse_setup.go:191","msg":"Sending new task alert to stage manager for taskId: 40304aab-791b-49e1-91b1-a6bec7b1f2d6"}
{"level":"debug","time":"2024-07-04T12:23:13.629+0200","caller":"jobmanager/sse_setup.go:190","msg":"Task id: 6b8e0b28-0ca8-44b4-9419-476fadacc4d8"}
{"level":"debug","time":"2024-07-04T12:23:13.629+0200","caller":"jobmanager/sse_setup.go:191","msg":"Sending new task alert to stage manager for taskId: 6b8e0b28-0ca8-44b4-9419-476fadacc4d8"}
{"level":"info","time":"2024-07-04T12:23:14.935+0200","caller":"terminal/terminal.go:187","msg":"\u001b[32m✔\u001b[0m [2]  \u001b[2mcache-download (1s)\u001b[22m\n"}
{"level":"info","time":"2024-07-04T12:23:14.971+0200","caller":"terminal/terminal.go:187","msg":"\u001b[32m✔\u001b[0m [1]  \u001b[2mcache-download (1s)\u001b[22m\n"}
{"level":"info","time":"2024-07-04T12:23:15.534+0200","caller":"jobmanager/sse_setup.go:85","msg":"\nJob \u001b[1m\u001b[4m81833496-486a-408d-8d2e-b6402fddf393\u001b[24m\u001b[22m has started \u001b[97mRUNNING\u001b[0m"}
{"level":"info","time":"2024-07-04T12:23:15.534+0200","caller":"jobmanager/manager.go:141","msg":"Job Link: \u001b[4m\u001b[34mhttps://hyperexecute.lambdatest.com/hyperexecute/task?jobId=81833496-486a-408d-8d2e-b6402fddf393\u001b[0m\u001b[24m\n"}
{"level":"debug","time":"2024-07-04T12:24:56.054+0200","caller":"events/manager.go:268","msg":"Connection to server failed, Reconnecting!!"}
{"level":"debug","time":"2024-07-04T12:24:57.180+0200","caller":"events/manager.go:277","msg":"connection to hyperexecute server established successfully."}
{"level":"info","time":"2024-07-04T12:24:59.484+0200","caller":"terminal/terminal.go:187","msg":"\u001b[32m✔\u001b[0m [1]  \u001b[2mpre (1m44s)\u001b[22m\n"}
{"level":"info","time":"2024-07-04T12:25:02.408+0200","caller":"terminal/terminal.go:187","msg":"\u001b[32m✔\u001b[0m [2]  \u001b[2mpre (1m47s)\u001b[22m\n"}
{"level":"info","time":"2024-07-04T12:25:17.785+0200","caller":"terminal/terminal.go:187","msg":"\u001b[91mx\u001b[0m [1]  \u001b[2mmvn clean install (11s)\u001b[22m\n"}
{"level":"info","time":"2024-07-04T12:25:19.920+0200","caller":"terminal/terminal.go:187","msg":"\u001b[91mx\u001b[0m [1] \u001b[2m {retry 1}\u001b[22m \u001b[2mmvn clean install (3s)\u001b[22m\n"}
{"level":"info","time":"2024-07-04T12:25:20.949+0200","caller":"terminal/terminal.go:187","msg":"\u001b[91mx\u001b[0m [2]  \u001b[2mmvn clean install (11s)\u001b[22m\n"}
{"level":"info","time":"2024-07-04T12:25:22.632+0200","caller":"terminal/terminal.go:187","msg":"\u001b[32m✔\u001b[0m [1]  \u001b[2mcache-upload (3s)\u001b[22m\n"}
{"level":"info","time":"2024-07-04T12:25:23.102+0200","caller":"terminal/terminal.go:187","msg":"\u001b[91mx\u001b[0m [2] \u001b[2m {retry 1}\u001b[22m \u001b[2mmvn clean install (3s)\u001b[22m\n"}
{"level":"debug","time":"2024-07-04T12:25:25.264+0200","caller":"jobmanager/sse_setup.go:136","msg":"\n\nJob status"}
{"level":"info","time":"2024-07-04T12:25:25.264+0200","caller":"core/lifecycle.go:716","msg":"taskId:40304aab-791b-49e1-91b1-a6bec7b1f2d6 has failed with remark: error in running test suites - step 1 - exit status 1\n"}
{"level":"info","time":"2024-07-04T12:25:25.264+0200","caller":"core/lifecycle.go:716","msg":"taskId:6b8e0b28-0ca8-44b4-9419-476fadacc4d8 has failed with remark: error in running test suites - step 1 - exit status 1\n"}
{"level":"debug","time":"2024-07-04T12:25:25.264+0200","caller":"core/lifecycle.go:808","msg":"Context canceled"}
{"level":"info","time":"2024-07-04T12:25:25.264+0200","caller":"core/lifecycle.go:811","msg":"\u001b[2mStopping pipeline gracefully\u001b[22m"}
{"level":"error","time":"2024-07-04T12:25:25.264+0200","caller":"core/lifecycle.go:814","msg":"2024-07-04T12:22:58+02:00    error    Exiting with error: Failed tasks found."}
{"level":"info","time":"2024-07-04T12:25:25.264+0200","caller":"jobmanager/manager.go:141","msg":"Job Link: \u001b[4m\u001b[34mhttps://hyperexecute.lambdatest.com/hyperexecute/task?jobId=81833496-486a-408d-8d2e-b6402fddf393\u001b[0m\u001b[24m\n"}
{"level":"debug","time":"2024-07-04T12:25:25.264+0200","caller":"core/lifecycle.go:55","msg":"Quit requested from main goroutine...."}
{"level":"debug","time":"2024-07-04T12:25:25.264+0200","caller":"core/lifecycle.go:56","msg":"Waiting for the goroutines to exit"}
{"level":"info","time":"2024-07-04T12:25:41.059+0200","caller":"jobmanager/JobSummaryManager.go:54","msg":"\n\u001b[101m FAILED \u001b[0m\n"}
{"level":"info","time":"2024-07-04T12:25:41.059+0200","caller":"jobmanager/JobSummaryManager.go:113","msg":"    \u001b[1mTest Execution Time\u001b[22m:                  \u001b[91m15s\u001b[0m"}
{"level":"info","time":"2024-07-04T12:25:41.059+0200","caller":"jobmanager/JobSummaryManager.go:113","msg":"    \u001b[1mJob Duration Time\u001b[22m:                    2m9s"}
{"level":"info","time":"2024-07-04T12:25:41.060+0200","caller":"jobmanager/JobSummaryManager.go:113","msg":"    \u001b[1mTotal Tasks\u001b[22m:                          2"}
{"level":"info","time":"2024-07-04T12:25:41.060+0200","caller":"jobmanager/JobSummaryManager.go:113","msg":"    \u001b[1mCumulative Time Consumed\u001b[22m:             4m15s"}
{"level":"info","time":"2024-07-04T12:25:41.060+0200","caller":"jobmanager/JobSummaryManager.go:113","msg":"    \u001b[1mTotal Stages\u001b[22m:                         4"}
{"level":"info","time":"2024-07-04T12:25:41.060+0200","caller":"jobmanager/JobSummaryManager.go:113","msg":"    \u001b[1mPass discovery stage percentage\u001b[22m:      0.00%"}
{"level":"info","time":"2024-07-04T12:25:41.060+0200","caller":"jobmanager/JobSummaryManager.go:113","msg":"    \u001b[1mFailed discovery stage percentage\u001b[22m:    0.00%"}
{"level":"info","time":"2024-07-04T12:25:41.060+0200","caller":"jobmanager/JobSummaryManager.go:113","msg":"    \u001b[1mPass pre stage percentage\u001b[22m:            \u001b[92m100.00%\u001b[0m"}
{"level":"info","time":"2024-07-04T12:25:41.060+0200","caller":"jobmanager/JobSummaryManager.go:113","msg":"    \u001b[1mFailed pre stage percentage\u001b[22m:          0.00%"}
{"level":"info","time":"2024-07-04T12:25:41.060+0200","caller":"jobmanager/JobSummaryManager.go:113","msg":"    \u001b[1mPass test stage percentage\u001b[22m:           0.00%"}
{"level":"info","time":"2024-07-04T12:25:41.060+0200","caller":"jobmanager/JobSummaryManager.go:113","msg":"    \u001b[1mFailed test stage percentage\u001b[22m:         \u001b[91m100.00%\u001b[0m"}
{"level":"info","time":"2024-07-04T12:25:41.060+0200","caller":"jobmanager/JobSummaryManager.go:113","msg":"    \u001b[1mPass post stage percentage\u001b[22m:           0.00%"}
{"level":"info","time":"2024-07-04T12:25:41.060+0200","caller":"jobmanager/JobSummaryManager.go:113","msg":"    \u001b[1mFailed post stage percentage\u001b[22m:         0.00%"}
{"level":"info","time":"2024-07-04T12:25:41.060+0200","caller":"jobmanager/JobSummaryManager.go:113","msg":"    \u001b[1mFailed Tasks\u001b[22m:                         2"}
{"level":"info","time":"2024-07-04T12:25:41.060+0200","caller":"jobmanager/JobSummaryManager.go:58","msg":""}
{"level":"debug","time":"2024-07-04T12:25:55.265+0200","caller":"cmd/bin.go:304","msg":"main: all goroutines have finished."}
{"level":"debug","time":"2024-07-04T12:25:55.265+0200","caller":"cmd/bin.go:343","msg":"Exiting application due to error Failed tasks found."}
{"level":"debug","time":"2024-07-04T12:28:11.941+0200","caller":"cmd/bin.go:120","msg":"cli os: darwin, cli arch: arm64"}
{"level":"debug","time":"2024-07-04T12:28:12.300+0200","caller":"cmd/bin.go:129","msg":"Upstream version details: {Name:cli Min:0.2.195 Max:0.2.199} "}
{"level":"debug","time":"2024-07-04T12:28:13.146+0200","caller":"core/lifecycle.go:104","msg":"Setting environment"}
{"level":"debug","time":"2024-07-04T12:28:13.158+0200","caller":"core/lifecycle.go:107","msg":"Parsing config"}
{"level":"debug","time":"2024-07-04T12:28:13.158+0200","caller":"yamlconfigmanager/setup.go:569","msg":"Custom location for .hyperexecute.yaml specified. Using: hyperexecute.yaml"}
{"level":"debug","time":"2024-07-04T12:28:13.158+0200","caller":"yamlconfigmanager/setup.go:90","msg":"using hyperexecute config from : hyperexecute.yaml"}
{"level":"debug","time":"2024-07-04T12:28:13.337+0200","caller":"yamlconfigmanager/setup.go:2110","msg":"Autodetecting test type in files of path : /Users/la56qs/MyDevelopmentWork/TestExecutionPlatform/playwright-hyperexecute"}
{"level":"debug","time":"2024-07-04T12:28:13.339+0200","caller":"yamlconfigmanager/setup.go:2152","msg":"File in which test type is detected - /Users/la56qs/MyDevelopmentWork/TestExecutionPlatform/playwright-hyperexecute/pom.xml"}
{"level":"debug","time":"2024-07-04T12:28:13.339+0200","caller":"yamlconfigmanager/setup.go:2153","msg":"Pre command in which test type is detected - npm install playwright@1.23.0 --save-exact"}
{"level":"debug","time":"2024-07-04T12:28:13.339+0200","caller":"yamlconfigmanager/setup.go:397","msg":"Automatic test type detected - playwright"}
{"level":"debug","time":"2024-07-04T12:28:13.339+0200","caller":"yamlconfigmanager/setup.go:421","msg":"Tunnel: false"}
{"level":"info","time":"2024-07-04T12:28:13.339+0200","caller":"models/HypertestYamlConfig.go:634","msg":"\n\u001b[4m\u001b[1m\u001b[97mExecution Plan\u001b[0m\u001b[22m\u001b[24m"}
{"level":"info","time":"2024-07-04T12:28:13.339+0200","caller":"models/HypertestYamlConfig.go:440","msg":"Mode:    \u001b[36mmatrix\u001b[0m"}
{"level":"info","time":"2024-07-04T12:28:13.339+0200","caller":"models/HypertestYamlConfig.go:498","msg":"Runson:    \u001b[36mwin\u001b[0m"}
{"level":"info","time":"2024-07-04T12:28:13.339+0200","caller":"models/HypertestYamlConfig.go:506","msg":"Concurrency:    \u001b[36m2\u001b[0m"}
{"level":"info","time":"2024-07-04T12:28:13.339+0200","caller":"models/HypertestYamlConfig.go:567","msg":"Report:    \u001b[36mdisabled\u001b[0m"}
{"level":"info","time":"2024-07-04T12:28:13.339+0200","caller":"models/HypertestYamlConfig.go:581","msg":"Artefacts:"}
{"level":"info","time":"2024-07-04T12:28:13.340+0200","caller":"models/HypertestYamlConfig.go:584","msg":"    Surefire-Report:    \u001b[36mtarget/surefire-reports/**\u001b[0m"}
{"level":"info","time":"2024-07-04T12:28:13.340+0200","caller":"models/HypertestYamlConfig.go:599","msg":"Cache Directories:"}
{"level":"info","time":"2024-07-04T12:28:13.340+0200","caller":"models/HypertestYamlConfig.go:601","msg":"    \u001b[36m.m2\u001b[0m"}
{"level":"info","time":"2024-07-04T12:28:13.340+0200","caller":"models/HypertestYamlConfig.go:647","msg":""}
{"level":"debug","time":"2024-07-04T12:28:13.340+0200","caller":"filevalidator/setup.go:46","msg":"Warning: Checking data.json file in current directory, no dataJsonPath found in .hyperexecute.yaml"}
{"level":"debug","time":"2024-07-04T12:28:13.340+0200","caller":"filevalidator/setup.go:50","msg":"Warning: data.json file doesn't exist"}
{"level":"debug","time":"2024-07-04T12:28:13.798+0200","caller":"core/lifecycle.go:463","msg":"Job ID: 5c5d3e94-b872-4a5d-ae78-923ae93ac8c5"}
{"level":"debug","time":"2024-07-04T12:28:13.798+0200","caller":"core/lifecycle.go:469","msg":"User has provided playwright as test type for the job with ID 5c5d3e94-b872-4a5d-ae78-923ae93ac8c5"}
{"level":"debug","time":"2024-07-04T12:28:13.798+0200","caller":"events/manager.go:95","msg":"Starting event manager"}
{"level":"debug","time":"2024-07-04T12:28:13.798+0200","caller":"events/manager.go:97","msg":"SSE enabled, getting SSE connection"}
{"level":"debug","time":"2024-07-04T12:28:13.799+0200","caller":"archivemanager/setup.go:340","msg":"digestMap: map[]"}
{"level":"debug","time":"2024-07-04T12:28:13.799+0200","caller":"archivemanager/setup.go:346","msg":"Creating archive of target directory: /Users/la56qs/MyDevelopmentWork/TestExecutionPlatform/playwright-hyperexecute"}
{"level":"debug","time":"2024-07-04T12:28:13.818+0200","caller":"core/lifecycle.go:598","msg":"Zip file size: 10.48 kB"}
{"level":"debug","time":"2024-07-04T12:28:13.819+0200","caller":"core/lifecycle.go:608","msg":"Archive location: /Users/la56qs/MyDevelopmentWork/TestExecutionPlatform/playwright-hyperexecute/hyperexecute-code-5c5d3e94-b872-4a5d-ae78-923ae93ac8c5.zip\n"}
{"level":"debug","time":"2024-07-04T12:28:13.831+0200","caller":"storage/azure.go:55","msg":"Payload size: 10.48 kB, source path /Users/la56qs/MyDevelopmentWork/TestExecutionPlatform/playwright-hyperexecute/hyperexecute-code-5c5d3e94-b872-4a5d-ae78-923ae93ac8c5.zip"}
{"level":"debug","time":"2024-07-04T12:28:14.028+0200","caller":"storage/azure.go:55","msg":"Payload size: 2.00 kB, source path /var/folders/y0/_0tc1f095m78vbw7gvs6fr1c0000gp/T/git.diff"}
{"level":"debug","time":"2024-07-04T12:28:14.294+0200","caller":"events/manager.go:277","msg":"connection to hyperexecute server established successfully."}
{"level":"debug","time":"2024-07-04T12:28:16.640+0200","caller":"receptionmanager/setup.go:265","msg":"only one runtime entry detected, mapping it to older yaml format"}
{"level":"debug","time":"2024-07-04T12:28:16.640+0200","caller":"receptionmanager/setup.go:284","msg":"number of entries in partialreports: 1, switching to new yaml format"}
{"level":"debug","time":"2024-07-04T12:28:16.641+0200","caller":"receptionmanager/setup.go:172","msg":"Uploading yaml : /Users/la56qs/MyDevelopmentWork/TestExecutionPlatform/playwright-hyperexecute/.updatedhyperexecute.yaml"}
{"level":"debug","time":"2024-07-04T12:28:16.650+0200","caller":"storage/azure.go:55","msg":"Payload size: 2.99 kB, source path /Users/la56qs/MyDevelopmentWork/TestExecutionPlatform/playwright-hyperexecute/.updatedhyperexecute.yaml"}
{"level":"debug","time":"2024-07-04T12:28:19.338+0200","caller":"storage/azure.go:55","msg":"Payload size: 679 B, source path mask-5c5d3e94-b872-4a5d-ae78-923ae93ac8c5.yaml"}
{"level":"debug","time":"2024-07-04T12:28:22.066+0200","caller":"core/lifecycle.go:636","msg":"Successfully deleted code archive: /Users/la56qs/MyDevelopmentWork/TestExecutionPlatform/playwright-hyperexecute/hyperexecute-code-5c5d3e94-b872-4a5d-ae78-923ae93ac8c5.zip\n"}
{"level":"debug","time":"2024-07-04T12:28:23.990+0200","caller":"jobmanager/sse_setup.go:190","msg":"Task id: 9b75aa39-60fa-4722-a588-faa8fe23dd2d"}
{"level":"debug","time":"2024-07-04T12:28:23.991+0200","caller":"jobmanager/sse_setup.go:191","msg":"Sending new task alert to stage manager for taskId: 9b75aa39-60fa-4722-a588-faa8fe23dd2d"}
{"level":"debug","time":"2024-07-04T12:28:23.991+0200","caller":"jobmanager/sse_setup.go:190","msg":"Task id: b08da376-9a9e-4b62-9aad-f4b3a6a34fba"}
{"level":"debug","time":"2024-07-04T12:28:23.991+0200","caller":"jobmanager/sse_setup.go:191","msg":"Sending new task alert to stage manager for taskId: b08da376-9a9e-4b62-9aad-f4b3a6a34fba"}
{"level":"info","time":"2024-07-04T12:28:26.015+0200","caller":"jobmanager/sse_setup.go:85","msg":"\nJob \u001b[1m\u001b[4m5c5d3e94-b872-4a5d-ae78-923ae93ac8c5\u001b[24m\u001b[22m has started \u001b[97mRUNNING\u001b[0m"}
{"level":"info","time":"2024-07-04T12:28:26.015+0200","caller":"jobmanager/manager.go:141","msg":"Job Link: \u001b[4m\u001b[34mhttps://hyperexecute.lambdatest.com/hyperexecute/task?jobId=5c5d3e94-b872-4a5d-ae78-923ae93ac8c5\u001b[0m\u001b[24m\n"}
{"level":"info","time":"2024-07-04T12:28:28.105+0200","caller":"terminal/terminal.go:187","msg":"\u001b[32m✔\u001b[0m [2]  \u001b[2mcache-download (3s)\u001b[22m\n"}
{"level":"info","time":"2024-07-04T12:28:28.111+0200","caller":"terminal/terminal.go:187","msg":"\u001b[32m✔\u001b[0m [1]  \u001b[2mcache-download (3s)\u001b[22m\n"}
{"level":"info","time":"2024-07-04T12:28:51.256+0200","caller":"terminal/terminal.go:187","msg":"\u001b[32m✔\u001b[0m [2]  \u001b[2msetup-runtime (23s)\u001b[22m\n"}
{"level":"info","time":"2024-07-04T12:28:53.067+0200","caller":"terminal/terminal.go:187","msg":"\u001b[32m✔\u001b[0m [1]  \u001b[2msetup-runtime (25s)\u001b[22m\n"}
{"level":"info","time":"2024-07-04T12:29:24.691+0200","caller":"terminal/terminal.go:187","msg":"\u001b[32m✔\u001b[0m [2]  \u001b[2mpre (34s)\u001b[22m\n"}
{"level":"info","time":"2024-07-04T12:29:25.841+0200","caller":"terminal/terminal.go:187","msg":"\u001b[32m✔\u001b[0m [1]  \u001b[2mpre (33s)\u001b[22m\n"}
{"level":"info","time":"2024-07-04T12:30:05.772+0200","caller":"terminal/terminal.go:187","msg":"\u001b[30m✔\u001b[0m [2]  \u001b[2mmvn clean install (34s)\u001b[22m\n"}
{"level":"info","time":"2024-07-04T12:30:07.216+0200","caller":"terminal/terminal.go:187","msg":"\u001b[30m✔\u001b[0m [1]  \u001b[2mmvn clean install (33s)\u001b[22m\n"}
{"level":"info","time":"2024-07-04T12:30:10.671+0200","caller":"terminal/terminal.go:187","msg":"\u001b[32m✔\u001b[0m [2]  \u001b[2mcache-upload (3s)\u001b[22m\n"}
{"level":"debug","time":"2024-07-04T12:30:11.519+0200","caller":"jobmanager/sse_setup.go:136","msg":"\n\nJob status"}
{"level":"debug","time":"2024-07-04T12:30:11.520+0200","caller":"core/lifecycle.go:808","msg":"Context canceled"}
{"level":"info","time":"2024-07-04T12:30:11.520+0200","caller":"core/lifecycle.go:811","msg":"\u001b[2mStopping pipeline gracefully\u001b[22m"}
{"level":"info","time":"2024-07-04T12:30:11.520+0200","caller":"jobmanager/manager.go:141","msg":"Job Link: \u001b[4m\u001b[34mhttps://hyperexecute.lambdatest.com/hyperexecute/task?jobId=5c5d3e94-b872-4a5d-ae78-923ae93ac8c5\u001b[0m\u001b[24m\n"}
{"level":"debug","time":"2024-07-04T12:30:11.520+0200","caller":"core/lifecycle.go:55","msg":"Quit requested from main goroutine...."}
{"level":"debug","time":"2024-07-04T12:30:11.520+0200","caller":"core/lifecycle.go:56","msg":"Waiting for the goroutines to exit"}
{"level":"info","time":"2024-07-04T12:30:27.433+0200","caller":"jobmanager/JobSummaryManager.go:54","msg":"\n\u001b[102m\u001b[1m\u001b[30m PARTIALLY COMPLETED \u001b[0m\u001b[22m\u001b[0m\n"}
{"level":"info","time":"2024-07-04T12:30:27.433+0200","caller":"jobmanager/JobSummaryManager.go:113","msg":"    \u001b[1mTest Execution Time\u001b[22m:                  \u001b[92m35s\u001b[0m"}
{"level":"info","time":"2024-07-04T12:30:27.433+0200","caller":"jobmanager/JobSummaryManager.go:113","msg":"    \u001b[1mJob Duration Time\u001b[22m:                    1m45s"}
{"level":"info","time":"2024-07-04T12:30:27.433+0200","caller":"jobmanager/JobSummaryManager.go:113","msg":"    \u001b[1mTotal Tasks\u001b[22m:                          2"}
{"level":"info","time":"2024-07-04T12:30:27.433+0200","caller":"jobmanager/JobSummaryManager.go:113","msg":"    \u001b[1mCumulative Time Consumed\u001b[22m:             3m29s"}
{"level":"info","time":"2024-07-04T12:30:27.433+0200","caller":"jobmanager/JobSummaryManager.go:113","msg":"    \u001b[1mTotal Stages\u001b[22m:                         4"}
{"level":"info","time":"2024-07-04T12:30:27.433+0200","caller":"jobmanager/JobSummaryManager.go:113","msg":"    \u001b[1mPass discovery stage percentage\u001b[22m:      0.00%"}
{"level":"info","time":"2024-07-04T12:30:27.433+0200","caller":"jobmanager/JobSummaryManager.go:113","msg":"    \u001b[1mFailed discovery stage percentage\u001b[22m:    0.00%"}
{"level":"info","time":"2024-07-04T12:30:27.433+0200","caller":"jobmanager/JobSummaryManager.go:113","msg":"    \u001b[1mPass pre stage percentage\u001b[22m:            \u001b[92m100.00%\u001b[0m"}
{"level":"info","time":"2024-07-04T12:30:27.433+0200","caller":"jobmanager/JobSummaryManager.go:113","msg":"    \u001b[1mFailed pre stage percentage\u001b[22m:          0.00%"}
{"level":"info","time":"2024-07-04T12:30:27.433+0200","caller":"jobmanager/JobSummaryManager.go:113","msg":"    \u001b[1mPass test stage percentage\u001b[22m:           \u001b[92m100.00%\u001b[0m"}
{"level":"info","time":"2024-07-04T12:30:27.433+0200","caller":"jobmanager/JobSummaryManager.go:113","msg":"    \u001b[1mFailed test stage percentage\u001b[22m:         0.00%"}
{"level":"info","time":"2024-07-04T12:30:27.433+0200","caller":"jobmanager/JobSummaryManager.go:113","msg":"    \u001b[1mPass post stage percentage\u001b[22m:           0.00%"}
{"level":"info","time":"2024-07-04T12:30:27.433+0200","caller":"jobmanager/JobSummaryManager.go:113","msg":"    \u001b[1mFailed post stage percentage\u001b[22m:         0.00%"}
{"level":"info","time":"2024-07-04T12:30:27.433+0200","caller":"jobmanager/JobSummaryManager.go:113","msg":"    \u001b[1mFailed Tasks\u001b[22m:                         0"}
{"level":"info","time":"2024-07-04T12:30:27.433+0200","caller":"jobmanager/JobSummaryManager.go:58","msg":""}
{"level":"debug","time":"2024-07-04T12:30:41.521+0200","caller":"cmd/bin.go:304","msg":"main: all goroutines have finished."}
{"level":"debug","time":"2024-07-04T12:39:02.893+0200","caller":"cmd/bin.go:120","msg":"cli os: darwin, cli arch: arm64"}
{"level":"debug","time":"2024-07-04T12:39:03.234+0200","caller":"cmd/bin.go:129","msg":"Upstream version details: {Name:cli Min:0.2.195 Max:0.2.199} "}
{"level":"debug","time":"2024-07-04T12:39:04.123+0200","caller":"core/lifecycle.go:104","msg":"Setting environment"}
{"level":"debug","time":"2024-07-04T12:39:04.133+0200","caller":"core/lifecycle.go:107","msg":"Parsing config"}
{"level":"debug","time":"2024-07-04T12:39:04.134+0200","caller":"yamlconfigmanager/setup.go:569","msg":"Custom location for .hyperexecute.yaml specified. Using: hyperexecute.yaml"}
{"level":"debug","time":"2024-07-04T12:39:04.134+0200","caller":"yamlconfigmanager/setup.go:90","msg":"using hyperexecute config from : hyperexecute.yaml"}
{"level":"debug","time":"2024-07-04T12:39:04.479+0200","caller":"yamlconfigmanager/setup.go:2110","msg":"Autodetecting test type in files of path : /Users/la56qs/MyDevelopmentWork/TestExecutionPlatform/playwright-hyperexecute"}
{"level":"debug","time":"2024-07-04T12:39:04.480+0200","caller":"yamlconfigmanager/setup.go:2152","msg":"File in which test type is detected - /Users/la56qs/MyDevelopmentWork/TestExecutionPlatform/playwright-hyperexecute/pom.xml"}
{"level":"debug","time":"2024-07-04T12:39:04.480+0200","caller":"yamlconfigmanager/setup.go:2153","msg":"Pre command in which test type is detected - npm install playwright@1.23.0 --save-exact"}
{"level":"debug","time":"2024-07-04T12:39:04.481+0200","caller":"yamlconfigmanager/setup.go:397","msg":"Automatic test type detected - playwright"}
{"level":"debug","time":"2024-07-04T12:39:04.481+0200","caller":"yamlconfigmanager/setup.go:421","msg":"Tunnel: false"}
{"level":"info","time":"2024-07-04T12:39:04.481+0200","caller":"models/HypertestYamlConfig.go:634","msg":"\n\u001b[4m\u001b[1m\u001b[97mExecution Plan\u001b[0m\u001b[22m\u001b[24m"}
{"level":"info","time":"2024-07-04T12:39:04.481+0200","caller":"models/HypertestYamlConfig.go:440","msg":"Mode:    \u001b[36mmatrix\u001b[0m"}
{"level":"info","time":"2024-07-04T12:39:04.481+0200","caller":"models/HypertestYamlConfig.go:498","msg":"Runson:    \u001b[36mwin\u001b[0m"}
{"level":"info","time":"2024-07-04T12:39:04.481+0200","caller":"models/HypertestYamlConfig.go:506","msg":"Concurrency:    \u001b[36m2\u001b[0m"}
{"level":"info","time":"2024-07-04T12:39:04.481+0200","caller":"models/HypertestYamlConfig.go:567","msg":"Report:    \u001b[36mdisabled\u001b[0m"}
{"level":"info","time":"2024-07-04T12:39:04.481+0200","caller":"models/HypertestYamlConfig.go:581","msg":"Artefacts:"}
{"level":"info","time":"2024-07-04T12:39:04.481+0200","caller":"models/HypertestYamlConfig.go:584","msg":"    Surefire-Report:    \u001b[36mtarget/surefire-reports/**\u001b[0m"}
{"level":"info","time":"2024-07-04T12:39:04.481+0200","caller":"models/HypertestYamlConfig.go:599","msg":"Cache Directories:"}
{"level":"info","time":"2024-07-04T12:39:04.481+0200","caller":"models/HypertestYamlConfig.go:601","msg":"    \u001b[36m.m2\u001b[0m"}
{"level":"info","time":"2024-07-04T12:39:04.481+0200","caller":"models/HypertestYamlConfig.go:647","msg":""}
{"level":"debug","time":"2024-07-04T12:39:04.481+0200","caller":"filevalidator/setup.go:46","msg":"Warning: Checking data.json file in current directory, no dataJsonPath found in .hyperexecute.yaml"}
{"level":"debug","time":"2024-07-04T12:39:04.481+0200","caller":"filevalidator/setup.go:50","msg":"Warning: data.json file doesn't exist"}
{"level":"debug","time":"2024-07-04T12:39:04.928+0200","caller":"core/lifecycle.go:463","msg":"Job ID: 85127644-0d5b-454e-a7e5-5fe8eba360e5"}
{"level":"debug","time":"2024-07-04T12:39:04.928+0200","caller":"events/manager.go:95","msg":"Starting event manager"}
{"level":"debug","time":"2024-07-04T12:39:04.928+0200","caller":"core/lifecycle.go:469","msg":"User has provided playwright as test type for the job with ID 85127644-0d5b-454e-a7e5-5fe8eba360e5"}
{"level":"debug","time":"2024-07-04T12:39:04.928+0200","caller":"events/manager.go:97","msg":"SSE enabled, getting SSE connection"}
{"level":"debug","time":"2024-07-04T12:39:04.929+0200","caller":"archivemanager/setup.go:340","msg":"digestMap: map[]"}
{"level":"debug","time":"2024-07-04T12:39:04.929+0200","caller":"archivemanager/setup.go:346","msg":"Creating archive of target directory: /Users/la56qs/MyDevelopmentWork/TestExecutionPlatform/playwright-hyperexecute"}
{"level":"debug","time":"2024-07-04T12:39:05.001+0200","caller":"core/lifecycle.go:598","msg":"Zip file size: 10.48 kB"}
{"level":"debug","time":"2024-07-04T12:39:05.002+0200","caller":"core/lifecycle.go:608","msg":"Archive location: /Users/la56qs/MyDevelopmentWork/TestExecutionPlatform/playwright-hyperexecute/hyperexecute-code-85127644-0d5b-454e-a7e5-5fe8eba360e5.zip\n"}
{"level":"debug","time":"2024-07-04T12:39:05.003+0200","caller":"storage/azure.go:55","msg":"Payload size: 10.48 kB, source path /Users/la56qs/MyDevelopmentWork/TestExecutionPlatform/playwright-hyperexecute/hyperexecute-code-85127644-0d5b-454e-a7e5-5fe8eba360e5.zip"}
{"level":"debug","time":"2024-07-04T12:39:05.221+0200","caller":"storage/azure.go:55","msg":"Payload size: 2.00 kB, source path /var/folders/y0/_0tc1f095m78vbw7gvs6fr1c0000gp/T/git.diff"}
{"level":"debug","time":"2024-07-04T12:39:05.435+0200","caller":"events/manager.go:277","msg":"connection to hyperexecute server established successfully."}
{"level":"debug","time":"2024-07-04T12:39:07.817+0200","caller":"receptionmanager/setup.go:265","msg":"only one runtime entry detected, mapping it to older yaml format"}
{"level":"debug","time":"2024-07-04T12:39:07.817+0200","caller":"receptionmanager/setup.go:284","msg":"number of entries in partialreports: 1, switching to new yaml format"}
{"level":"debug","time":"2024-07-04T12:39:07.817+0200","caller":"receptionmanager/setup.go:172","msg":"Uploading yaml : /Users/la56qs/MyDevelopmentWork/TestExecutionPlatform/playwright-hyperexecute/.updatedhyperexecute.yaml"}
{"level":"debug","time":"2024-07-04T12:39:07.826+0200","caller":"storage/azure.go:55","msg":"Payload size: 2.99 kB, source path /Users/la56qs/MyDevelopmentWork/TestExecutionPlatform/playwright-hyperexecute/.updatedhyperexecute.yaml"}
{"level":"debug","time":"2024-07-04T12:39:10.514+0200","caller":"storage/azure.go:55","msg":"Payload size: 679 B, source path mask-85127644-0d5b-454e-a7e5-5fe8eba360e5.yaml"}
{"level":"debug","time":"2024-07-04T12:39:13.239+0200","caller":"core/lifecycle.go:636","msg":"Successfully deleted code archive: /Users/la56qs/MyDevelopmentWork/TestExecutionPlatform/playwright-hyperexecute/hyperexecute-code-85127644-0d5b-454e-a7e5-5fe8eba360e5.zip\n"}
{"level":"debug","time":"2024-07-04T12:39:15.115+0200","caller":"core/lifecycle.go:735","msg":"Job progress won't be tracked as no-track flag is set true"}
{"level":"debug","time":"2024-07-04T12:39:15.115+0200","caller":"core/lifecycle.go:808","msg":"Context canceled"}
{"level":"info","time":"2024-07-04T12:39:15.115+0200","caller":"core/lifecycle.go:811","msg":"\u001b[2mStopping pipeline gracefully\u001b[22m"}
{"level":"info","time":"2024-07-04T12:39:15.115+0200","caller":"jobmanager/manager.go:141","msg":"Job Link: \u001b[4m\u001b[34mhttps://hyperexecute.lambdatest.com/hyperexecute/task?jobId=85127644-0d5b-454e-a7e5-5fe8eba360e5\u001b[0m\u001b[24m\n"}
{"level":"debug","time":"2024-07-04T12:39:15.115+0200","caller":"core/lifecycle.go:55","msg":"Quit requested from main goroutine...."}
{"level":"debug","time":"2024-07-04T12:39:15.115+0200","caller":"core/lifecycle.go:56","msg":"Waiting for the goroutines to exit"}
{"level":"debug","time":"2024-07-04T12:39:45.116+0200","caller":"cmd/bin.go:304","msg":"main: all goroutines have finished."}
{"level":"debug","time":"2024-07-04T13:00:21.304+0200","caller":"cmd/bin.go:120","msg":"cli os: darwin, cli arch: arm64"}
{"level":"debug","time":"2024-07-04T13:00:21.643+0200","caller":"cmd/bin.go:129","msg":"Upstream version details: {Name:cli Min:0.2.195 Max:0.2.199} "}
{"level":"debug","time":"2024-07-04T13:00:22.596+0200","caller":"core/lifecycle.go:104","msg":"Setting environment"}
{"level":"debug","time":"2024-07-04T13:00:22.607+0200","caller":"core/lifecycle.go:107","msg":"Parsing config"}
{"level":"debug","time":"2024-07-04T13:00:22.608+0200","caller":"yamlconfigmanager/setup.go:569","msg":"Custom location for .hyperexecute.yaml specified. Using: hyperexecute.yaml"}
{"level":"debug","time":"2024-07-04T13:00:22.609+0200","caller":"yamlconfigmanager/setup.go:90","msg":"using hyperexecute config from : hyperexecute.yaml"}
{"level":"debug","time":"2024-07-04T13:00:22.964+0200","caller":"yamlconfigmanager/setup.go:2110","msg":"Autodetecting test type in files of path : /Users/la56qs/MyDevelopmentWork/TestExecutionPlatform/playwright-hyperexecute"}
{"level":"debug","time":"2024-07-04T13:00:22.965+0200","caller":"yamlconfigmanager/setup.go:2152","msg":"File in which test type is detected - /Users/la56qs/MyDevelopmentWork/TestExecutionPlatform/playwright-hyperexecute/pom.xml"}
{"level":"debug","time":"2024-07-04T13:00:22.965+0200","caller":"yamlconfigmanager/setup.go:2153","msg":"Pre command in which test type is detected - npm install playwright@1.23.0 --save-exact"}
{"level":"debug","time":"2024-07-04T13:00:22.966+0200","caller":"yamlconfigmanager/setup.go:397","msg":"Automatic test type detected - playwright"}
{"level":"debug","time":"2024-07-04T13:00:22.966+0200","caller":"yamlconfigmanager/setup.go:421","msg":"Tunnel: false"}
{"level":"info","time":"2024-07-04T13:00:22.966+0200","caller":"models/HypertestYamlConfig.go:634","msg":"\n\u001b[4m\u001b[1m\u001b[97mExecution Plan\u001b[0m\u001b[22m\u001b[24m"}
{"level":"info","time":"2024-07-04T13:00:22.966+0200","caller":"models/HypertestYamlConfig.go:440","msg":"Mode:    \u001b[36mmatrix\u001b[0m"}
{"level":"info","time":"2024-07-04T13:00:22.967+0200","caller":"models/HypertestYamlConfig.go:498","msg":"Runson:    \u001b[36mwin\u001b[0m"}
{"level":"info","time":"2024-07-04T13:00:22.967+0200","caller":"models/HypertestYamlConfig.go:506","msg":"Concurrency:    \u001b[36m2\u001b[0m"}
{"level":"info","time":"2024-07-04T13:00:22.967+0200","caller":"models/HypertestYamlConfig.go:567","msg":"Report:    \u001b[36mdisabled\u001b[0m"}
{"level":"info","time":"2024-07-04T13:00:22.967+0200","caller":"models/HypertestYamlConfig.go:581","msg":"Artefacts:"}
{"level":"info","time":"2024-07-04T13:00:22.967+0200","caller":"models/HypertestYamlConfig.go:584","msg":"    Surefire-Report:    \u001b[36mtarget/surefire-reports/**\u001b[0m"}
{"level":"info","time":"2024-07-04T13:00:22.967+0200","caller":"models/HypertestYamlConfig.go:599","msg":"Cache Directories:"}
{"level":"info","time":"2024-07-04T13:00:22.967+0200","caller":"models/HypertestYamlConfig.go:601","msg":"    \u001b[36m.m2\u001b[0m"}
{"level":"info","time":"2024-07-04T13:00:22.968+0200","caller":"models/HypertestYamlConfig.go:647","msg":""}
{"level":"debug","time":"2024-07-04T13:00:22.968+0200","caller":"filevalidator/setup.go:46","msg":"Warning: Checking data.json file in current directory, no dataJsonPath found in .hyperexecute.yaml"}
{"level":"debug","time":"2024-07-04T13:00:22.968+0200","caller":"filevalidator/setup.go:50","msg":"Warning: data.json file doesn't exist"}
{"level":"debug","time":"2024-07-04T13:00:23.428+0200","caller":"core/lifecycle.go:463","msg":"Job ID: 10b5db19-936a-4537-8d9e-78f54d974d68"}
{"level":"debug","time":"2024-07-04T13:00:23.428+0200","caller":"core/lifecycle.go:469","msg":"User has provided playwright as test type for the job with ID 10b5db19-936a-4537-8d9e-78f54d974d68"}
{"level":"debug","time":"2024-07-04T13:00:23.428+0200","caller":"events/manager.go:95","msg":"Starting event manager"}
{"level":"debug","time":"2024-07-04T13:00:23.428+0200","caller":"events/manager.go:97","msg":"SSE enabled, getting SSE connection"}
{"level":"debug","time":"2024-07-04T13:00:23.430+0200","caller":"archivemanager/setup.go:340","msg":"digestMap: map[]"}
{"level":"debug","time":"2024-07-04T13:00:23.430+0200","caller":"archivemanager/setup.go:346","msg":"Creating archive of target directory: /Users/la56qs/MyDevelopmentWork/TestExecutionPlatform/playwright-hyperexecute"}
{"level":"debug","time":"2024-07-04T13:00:23.452+0200","caller":"core/lifecycle.go:598","msg":"Zip file size: 10.73 kB"}
{"level":"debug","time":"2024-07-04T13:00:23.452+0200","caller":"core/lifecycle.go:608","msg":"Archive location: /Users/la56qs/MyDevelopmentWork/TestExecutionPlatform/playwright-hyperexecute/hyperexecute-code-10b5db19-936a-4537-8d9e-78f54d974d68.zip\n"}
{"level":"debug","time":"2024-07-04T13:00:23.460+0200","caller":"storage/azure.go:55","msg":"Payload size: 10.73 kB, source path /Users/la56qs/MyDevelopmentWork/TestExecutionPlatform/playwright-hyperexecute/hyperexecute-code-10b5db19-936a-4537-8d9e-78f54d974d68.zip"}
{"level":"debug","time":"2024-07-04T13:00:23.697+0200","caller":"storage/azure.go:55","msg":"Payload size: 3.96 kB, source path /var/folders/y0/_0tc1f095m78vbw7gvs6fr1c0000gp/T/git.diff"}
{"level":"debug","time":"2024-07-04T13:00:23.924+0200","caller":"events/manager.go:277","msg":"connection to hyperexecute server established successfully."}
{"level":"debug","time":"2024-07-04T13:00:26.287+0200","caller":"receptionmanager/setup.go:265","msg":"only one runtime entry detected, mapping it to older yaml format"}
{"level":"debug","time":"2024-07-04T13:00:26.288+0200","caller":"receptionmanager/setup.go:284","msg":"number of entries in partialreports: 1, switching to new yaml format"}
{"level":"debug","time":"2024-07-04T13:00:26.288+0200","caller":"receptionmanager/setup.go:172","msg":"Uploading yaml : /Users/la56qs/MyDevelopmentWork/TestExecutionPlatform/playwright-hyperexecute/.updatedhyperexecute.yaml"}
{"level":"debug","time":"2024-07-04T13:00:26.297+0200","caller":"storage/azure.go:55","msg":"Payload size: 2.99 kB, source path /Users/la56qs/MyDevelopmentWork/TestExecutionPlatform/playwright-hyperexecute/.updatedhyperexecute.yaml"}
{"level":"debug","time":"2024-07-04T13:00:29.000+0200","caller":"storage/azure.go:55","msg":"Payload size: 679 B, source path mask-10b5db19-936a-4537-8d9e-78f54d974d68.yaml"}
{"level":"debug","time":"2024-07-04T13:00:31.734+0200","caller":"core/lifecycle.go:636","msg":"Successfully deleted code archive: /Users/la56qs/MyDevelopmentWork/TestExecutionPlatform/playwright-hyperexecute/hyperexecute-code-10b5db19-936a-4537-8d9e-78f54d974d68.zip\n"}
{"level":"debug","time":"2024-07-04T13:00:32.771+0200","caller":"core/lifecycle.go:735","msg":"Job progress won't be tracked as no-track flag is set true"}
{"level":"debug","time":"2024-07-04T13:00:32.771+0200","caller":"core/lifecycle.go:808","msg":"Context canceled"}
{"level":"info","time":"2024-07-04T13:00:32.771+0200","caller":"core/lifecycle.go:811","msg":"\u001b[2mStopping pipeline gracefully\u001b[22m"}
{"level":"info","time":"2024-07-04T13:00:32.771+0200","caller":"jobmanager/manager.go:141","msg":"Job Link: \u001b[4m\u001b[34mhttps://hyperexecute.lambdatest.com/hyperexecute/task?jobId=10b5db19-936a-4537-8d9e-78f54d974d68\u001b[0m\u001b[24m\n"}
{"level":"debug","time":"2024-07-04T13:00:32.771+0200","caller":"core/lifecycle.go:55","msg":"Quit requested from main goroutine...."}
{"level":"debug","time":"2024-07-04T13:00:32.771+0200","caller":"core/lifecycle.go:56","msg":"Waiting for the goroutines to exit"}
{"level":"debug","time":"2024-07-04T13:01:02.772+0200","caller":"cmd/bin.go:304","msg":"main: all goroutines have finished."}
{"level":"debug","time":"2024-07-04T13:05:48.507+0200","caller":"cmd/bin.go:120","msg":"cli os: darwin, cli arch: arm64"}
{"level":"debug","time":"2024-07-04T13:05:48.861+0200","caller":"cmd/bin.go:129","msg":"Upstream version details: {Name:cli Min:0.2.195 Max:0.2.199} "}
{"level":"debug","time":"2024-07-04T13:05:49.729+0200","caller":"core/lifecycle.go:104","msg":"Setting environment"}
{"level":"debug","time":"2024-07-04T13:05:49.740+0200","caller":"core/lifecycle.go:107","msg":"Parsing config"}
{"level":"debug","time":"2024-07-04T13:05:49.740+0200","caller":"yamlconfigmanager/setup.go:569","msg":"Custom location for .hyperexecute.yaml specified. Using: hyperexecute.yaml"}
{"level":"debug","time":"2024-07-04T13:05:49.741+0200","caller":"yamlconfigmanager/setup.go:90","msg":"using hyperexecute config from : hyperexecute.yaml"}
{"level":"debug","time":"2024-07-04T13:05:50.100+0200","caller":"yamlconfigmanager/setup.go:2110","msg":"Autodetecting test type in files of path : /Users/la56qs/MyDevelopmentWork/TestExecutionPlatform/playwright-hyperexecute"}
{"level":"debug","time":"2024-07-04T13:05:50.101+0200","caller":"yamlconfigmanager/setup.go:2152","msg":"File in which test type is detected - /Users/la56qs/MyDevelopmentWork/TestExecutionPlatform/playwright-hyperexecute/pom.xml"}
{"level":"debug","time":"2024-07-04T13:05:50.101+0200","caller":"yamlconfigmanager/setup.go:2153","msg":"Pre command in which test type is detected - npm install playwright@1.23.0 --save-exact"}
{"level":"debug","time":"2024-07-04T13:05:50.101+0200","caller":"yamlconfigmanager/setup.go:397","msg":"Automatic test type detected - playwright"}
{"level":"debug","time":"2024-07-04T13:05:50.101+0200","caller":"yamlconfigmanager/setup.go:421","msg":"Tunnel: false"}
{"level":"info","time":"2024-07-04T13:05:50.101+0200","caller":"models/HypertestYamlConfig.go:634","msg":"\n\u001b[4m\u001b[1m\u001b[97mExecution Plan\u001b[0m\u001b[22m\u001b[24m"}
{"level":"info","time":"2024-07-04T13:05:50.101+0200","caller":"models/HypertestYamlConfig.go:440","msg":"Mode:    \u001b[36mmatrix\u001b[0m"}
{"level":"info","time":"2024-07-04T13:05:50.101+0200","caller":"models/HypertestYamlConfig.go:498","msg":"Runson:    \u001b[36mwin\u001b[0m"}
{"level":"info","time":"2024-07-04T13:05:50.101+0200","caller":"models/HypertestYamlConfig.go:506","msg":"Concurrency:    \u001b[36m2\u001b[0m"}
{"level":"info","time":"2024-07-04T13:05:50.101+0200","caller":"models/HypertestYamlConfig.go:567","msg":"Report:    \u001b[36mdisabled\u001b[0m"}
{"level":"info","time":"2024-07-04T13:05:50.101+0200","caller":"models/HypertestYamlConfig.go:581","msg":"Artefacts:"}
{"level":"info","time":"2024-07-04T13:05:50.101+0200","caller":"models/HypertestYamlConfig.go:584","msg":"    Surefire-Report:    \u001b[36mtarget/surefire-reports/**\u001b[0m"}
{"level":"info","time":"2024-07-04T13:05:50.101+0200","caller":"models/HypertestYamlConfig.go:599","msg":"Cache Directories:"}
{"level":"info","time":"2024-07-04T13:05:50.101+0200","caller":"models/HypertestYamlConfig.go:601","msg":"    \u001b[36m.m2\u001b[0m"}
{"level":"info","time":"2024-07-04T13:05:50.101+0200","caller":"models/HypertestYamlConfig.go:647","msg":""}
{"level":"debug","time":"2024-07-04T13:05:50.101+0200","caller":"filevalidator/setup.go:46","msg":"Warning: Checking data.json file in current directory, no dataJsonPath found in .hyperexecute.yaml"}
{"level":"debug","time":"2024-07-04T13:05:50.102+0200","caller":"filevalidator/setup.go:50","msg":"Warning: data.json file doesn't exist"}
{"level":"debug","time":"2024-07-04T13:05:50.550+0200","caller":"core/lifecycle.go:463","msg":"Job ID: 605efb8c-425a-48a0-af53-2c0130d0d9f2"}
{"level":"debug","time":"2024-07-04T13:05:50.550+0200","caller":"events/manager.go:95","msg":"Starting event manager"}
{"level":"debug","time":"2024-07-04T13:05:50.551+0200","caller":"events/manager.go:97","msg":"SSE enabled, getting SSE connection"}
{"level":"debug","time":"2024-07-04T13:05:50.551+0200","caller":"core/lifecycle.go:469","msg":"User has provided playwright as test type for the job with ID 605efb8c-425a-48a0-af53-2c0130d0d9f2"}
{"level":"debug","time":"2024-07-04T13:05:50.552+0200","caller":"archivemanager/setup.go:340","msg":"digestMap: map[]"}
{"level":"debug","time":"2024-07-04T13:05:50.552+0200","caller":"archivemanager/setup.go:346","msg":"Creating archive of target directory: /Users/la56qs/MyDevelopmentWork/TestExecutionPlatform/playwright-hyperexecute"}
{"level":"debug","time":"2024-07-04T13:05:50.580+0200","caller":"core/lifecycle.go:598","msg":"Zip file size: 10.73 kB"}
{"level":"debug","time":"2024-07-04T13:05:50.580+0200","caller":"core/lifecycle.go:608","msg":"Archive location: /Users/la56qs/MyDevelopmentWork/TestExecutionPlatform/playwright-hyperexecute/hyperexecute-code-605efb8c-425a-48a0-af53-2c0130d0d9f2.zip\n"}
{"level":"debug","time":"2024-07-04T13:05:50.586+0200","caller":"storage/azure.go:55","msg":"Payload size: 10.73 kB, source path /Users/la56qs/MyDevelopmentWork/TestExecutionPlatform/playwright-hyperexecute/hyperexecute-code-605efb8c-425a-48a0-af53-2c0130d0d9f2.zip"}
{"level":"debug","time":"2024-07-04T13:05:50.788+0200","caller":"storage/azure.go:55","msg":"Payload size: 3.95 kB, source path /var/folders/y0/_0tc1f095m78vbw7gvs6fr1c0000gp/T/git.diff"}
{"level":"debug","time":"2024-07-04T13:05:51.066+0200","caller":"events/manager.go:277","msg":"connection to hyperexecute server established successfully."}
{"level":"debug","time":"2024-07-04T13:05:53.399+0200","caller":"receptionmanager/setup.go:265","msg":"only one runtime entry detected, mapping it to older yaml format"}
{"level":"debug","time":"2024-07-04T13:05:53.399+0200","caller":"receptionmanager/setup.go:284","msg":"number of entries in partialreports: 1, switching to new yaml format"}
{"level":"debug","time":"2024-07-04T13:05:53.400+0200","caller":"receptionmanager/setup.go:172","msg":"Uploading yaml : /Users/la56qs/MyDevelopmentWork/TestExecutionPlatform/playwright-hyperexecute/.updatedhyperexecute.yaml"}
{"level":"debug","time":"2024-07-04T13:05:53.407+0200","caller":"storage/azure.go:55","msg":"Payload size: 2.99 kB, source path /Users/la56qs/MyDevelopmentWork/TestExecutionPlatform/playwright-hyperexecute/.updatedhyperexecute.yaml"}
{"level":"debug","time":"2024-07-04T13:05:56.103+0200","caller":"storage/azure.go:55","msg":"Payload size: 679 B, source path mask-605efb8c-425a-48a0-af53-2c0130d0d9f2.yaml"}
{"level":"debug","time":"2024-07-04T13:05:58.835+0200","caller":"core/lifecycle.go:636","msg":"Successfully deleted code archive: /Users/la56qs/MyDevelopmentWork/TestExecutionPlatform/playwright-hyperexecute/hyperexecute-code-605efb8c-425a-48a0-af53-2c0130d0d9f2.zip\n"}
{"level":"debug","time":"2024-07-04T13:05:59.602+0200","caller":"core/lifecycle.go:735","msg":"Job progress won't be tracked as no-track flag is set true"}
{"level":"debug","time":"2024-07-04T13:05:59.602+0200","caller":"core/lifecycle.go:808","msg":"Context canceled"}
{"level":"info","time":"2024-07-04T13:05:59.602+0200","caller":"core/lifecycle.go:811","msg":"\u001b[2mStopping pipeline gracefully\u001b[22m"}
{"level":"info","time":"2024-07-04T13:05:59.602+0200","caller":"jobmanager/manager.go:141","msg":"Job Link: \u001b[4m\u001b[34mhttps://hyperexecute.lambdatest.com/hyperexecute/task?jobId=605efb8c-425a-48a0-af53-2c0130d0d9f2\u001b[0m\u001b[24m\n"}
{"level":"debug","time":"2024-07-04T13:05:59.603+0200","caller":"core/lifecycle.go:55","msg":"Quit requested from main goroutine...."}
{"level":"debug","time":"2024-07-04T13:05:59.603+0200","caller":"core/lifecycle.go:56","msg":"Waiting for the goroutines to exit"}
{"level":"debug","time":"2024-07-04T13:06:29.604+0200","caller":"cmd/bin.go:304","msg":"main: all goroutines have finished."}
{"level":"debug","time":"2024-07-04T13:13:42.268+0200","caller":"cmd/bin.go:120","msg":"cli os: darwin, cli arch: arm64"}
{"level":"debug","time":"2024-07-04T13:13:42.625+0200","caller":"cmd/bin.go:129","msg":"Upstream version details: {Name:cli Min:0.2.195 Max:0.2.199} "}
{"level":"debug","time":"2024-07-04T13:13:43.483+0200","caller":"core/lifecycle.go:104","msg":"Setting environment"}
{"level":"debug","time":"2024-07-04T13:13:43.496+0200","caller":"core/lifecycle.go:107","msg":"Parsing config"}
{"level":"debug","time":"2024-07-04T13:13:43.497+0200","caller":"yamlconfigmanager/setup.go:569","msg":"Custom location for .hyperexecute.yaml specified. Using: hyperexecute.yaml"}
{"level":"debug","time":"2024-07-04T13:13:43.497+0200","caller":"yamlconfigmanager/setup.go:90","msg":"using hyperexecute config from : hyperexecute.yaml"}
{"level":"debug","time":"2024-07-04T13:13:43.850+0200","caller":"yamlconfigmanager/setup.go:2110","msg":"Autodetecting test type in files of path : /Users/la56qs/MyDevelopmentWork/TestExecutionPlatform/playwright-hyperexecute"}
{"level":"debug","time":"2024-07-04T13:13:43.851+0200","caller":"yamlconfigmanager/setup.go:2152","msg":"File in which test type is detected - /Users/la56qs/MyDevelopmentWork/TestExecutionPlatform/playwright-hyperexecute/pom.xml"}
{"level":"debug","time":"2024-07-04T13:13:43.851+0200","caller":"yamlconfigmanager/setup.go:2153","msg":"Pre command in which test type is detected - npm install playwright@1.23.0 --save-exact"}
{"level":"debug","time":"2024-07-04T13:13:43.851+0200","caller":"yamlconfigmanager/setup.go:397","msg":"Automatic test type detected - playwright"}
{"level":"debug","time":"2024-07-04T13:13:43.851+0200","caller":"yamlconfigmanager/setup.go:421","msg":"Tunnel: false"}
{"level":"info","time":"2024-07-04T13:13:43.851+0200","caller":"models/HypertestYamlConfig.go:634","msg":"\n\u001b[4m\u001b[1m\u001b[97mExecution Plan\u001b[0m\u001b[22m\u001b[24m"}
{"level":"info","time":"2024-07-04T13:13:43.853+0200","caller":"models/HypertestYamlConfig.go:440","msg":"Mode:    \u001b[36mmatrix\u001b[0m"}
{"level":"info","time":"2024-07-04T13:13:43.853+0200","caller":"models/HypertestYamlConfig.go:498","msg":"Runson:    \u001b[36mwin\u001b[0m"}
{"level":"info","time":"2024-07-04T13:13:43.853+0200","caller":"models/HypertestYamlConfig.go:506","msg":"Concurrency:    \u001b[36m2\u001b[0m"}
{"level":"info","time":"2024-07-04T13:13:43.853+0200","caller":"models/HypertestYamlConfig.go:567","msg":"Report:    \u001b[36mdisabled\u001b[0m"}
{"level":"info","time":"2024-07-04T13:13:43.853+0200","caller":"models/HypertestYamlConfig.go:581","msg":"Artefacts:"}
{"level":"info","time":"2024-07-04T13:13:43.853+0200","caller":"models/HypertestYamlConfig.go:584","msg":"    Surefire-Report:    \u001b[36mtarget/surefire-reports/**\u001b[0m"}
{"level":"info","time":"2024-07-04T13:13:43.853+0200","caller":"models/HypertestYamlConfig.go:599","msg":"Cache Directories:"}
{"level":"info","time":"2024-07-04T13:13:43.853+0200","caller":"models/HypertestYamlConfig.go:601","msg":"    \u001b[36m.m2\u001b[0m"}
{"level":"info","time":"2024-07-04T13:13:43.853+0200","caller":"models/HypertestYamlConfig.go:647","msg":""}
{"level":"debug","time":"2024-07-04T13:13:43.853+0200","caller":"filevalidator/setup.go:46","msg":"Warning: Checking data.json file in current directory, no dataJsonPath found in .hyperexecute.yaml"}
{"level":"debug","time":"2024-07-04T13:13:43.854+0200","caller":"filevalidator/setup.go:50","msg":"Warning: data.json file doesn't exist"}
{"level":"debug","time":"2024-07-04T13:13:44.336+0200","caller":"core/lifecycle.go:463","msg":"Job ID: e2f15fe5-fa85-4ef1-bbc2-dc73ed2b5781"}
{"level":"debug","time":"2024-07-04T13:13:44.336+0200","caller":"events/manager.go:95","msg":"Starting event manager"}
{"level":"debug","time":"2024-07-04T13:13:44.336+0200","caller":"core/lifecycle.go:469","msg":"User has provided playwright as test type for the job with ID e2f15fe5-fa85-4ef1-bbc2-dc73ed2b5781"}
{"level":"debug","time":"2024-07-04T13:13:44.336+0200","caller":"events/manager.go:97","msg":"SSE enabled, getting SSE connection"}
{"level":"debug","time":"2024-07-04T13:13:44.337+0200","caller":"archivemanager/setup.go:340","msg":"digestMap: map[]"}
{"level":"debug","time":"2024-07-04T13:13:44.337+0200","caller":"archivemanager/setup.go:346","msg":"Creating archive of target directory: /Users/la56qs/MyDevelopmentWork/TestExecutionPlatform/playwright-hyperexecute"}
{"level":"debug","time":"2024-07-04T13:13:44.357+0200","caller":"core/lifecycle.go:598","msg":"Zip file size: 10.92 kB"}
{"level":"debug","time":"2024-07-04T13:13:44.358+0200","caller":"core/lifecycle.go:608","msg":"Archive location: /Users/la56qs/MyDevelopmentWork/TestExecutionPlatform/playwright-hyperexecute/hyperexecute-code-e2f15fe5-fa85-4ef1-bbc2-dc73ed2b5781.zip\n"}
{"level":"debug","time":"2024-07-04T13:13:44.364+0200","caller":"storage/azure.go:55","msg":"Payload size: 10.92 kB, source path /Users/la56qs/MyDevelopmentWork/TestExecutionPlatform/playwright-hyperexecute/hyperexecute-code-e2f15fe5-fa85-4ef1-bbc2-dc73ed2b5781.zip"}
{"level":"debug","time":"2024-07-04T13:13:44.612+0200","caller":"storage/azure.go:55","msg":"Payload size: 4.41 kB, source path /var/folders/y0/_0tc1f095m78vbw7gvs6fr1c0000gp/T/git.diff"}
{"level":"debug","time":"2024-07-04T13:13:44.836+0200","caller":"events/manager.go:277","msg":"connection to hyperexecute server established successfully."}
{"level":"debug","time":"2024-07-04T13:13:47.131+0200","caller":"receptionmanager/setup.go:265","msg":"only one runtime entry detected, mapping it to older yaml format"}
{"level":"debug","time":"2024-07-04T13:13:47.132+0200","caller":"receptionmanager/setup.go:284","msg":"number of entries in partialreports: 1, switching to new yaml format"}
{"level":"debug","time":"2024-07-04T13:13:47.132+0200","caller":"receptionmanager/setup.go:172","msg":"Uploading yaml : /Users/la56qs/MyDevelopmentWork/TestExecutionPlatform/playwright-hyperexecute/.updatedhyperexecute.yaml"}
{"level":"debug","time":"2024-07-04T13:13:47.139+0200","caller":"storage/azure.go:55","msg":"Payload size: 2.99 kB, source path /Users/la56qs/MyDevelopmentWork/TestExecutionPlatform/playwright-hyperexecute/.updatedhyperexecute.yaml"}
{"level":"debug","time":"2024-07-04T13:13:49.841+0200","caller":"storage/azure.go:55","msg":"Payload size: 679 B, source path mask-e2f15fe5-fa85-4ef1-bbc2-dc73ed2b5781.yaml"}
{"level":"debug","time":"2024-07-04T13:13:52.577+0200","caller":"core/lifecycle.go:636","msg":"Successfully deleted code archive: /Users/la56qs/MyDevelopmentWork/TestExecutionPlatform/playwright-hyperexecute/hyperexecute-code-e2f15fe5-fa85-4ef1-bbc2-dc73ed2b5781.zip\n"}
{"level":"debug","time":"2024-07-04T13:13:54.724+0200","caller":"jobmanager/sse_setup.go:190","msg":"Task id: 541027ad-044b-47d7-a7d1-24515cf168c3"}
{"level":"debug","time":"2024-07-04T13:13:54.725+0200","caller":"jobmanager/sse_setup.go:191","msg":"Sending new task alert to stage manager for taskId: 541027ad-044b-47d7-a7d1-24515cf168c3"}
{"level":"debug","time":"2024-07-04T13:13:54.725+0200","caller":"jobmanager/sse_setup.go:190","msg":"Task id: c53b5c8e-8db1-47f3-9c3a-6506fd7c70af"}
{"level":"debug","time":"2024-07-04T13:13:54.725+0200","caller":"jobmanager/sse_setup.go:191","msg":"Sending new task alert to stage manager for taskId: c53b5c8e-8db1-47f3-9c3a-6506fd7c70af"}
{"level":"info","time":"2024-07-04T13:13:58.048+0200","caller":"jobmanager/sse_setup.go:85","msg":"\nJob \u001b[1m\u001b[4me2f15fe5-fa85-4ef1-bbc2-dc73ed2b5781\u001b[24m\u001b[22m has started \u001b[97mRUNNING\u001b[0m"}
{"level":"info","time":"2024-07-04T13:13:58.048+0200","caller":"jobmanager/manager.go:141","msg":"Job Link: \u001b[4m\u001b[34mhttps://hyperexecute.lambdatest.com/hyperexecute/task?jobId=e2f15fe5-fa85-4ef1-bbc2-dc73ed2b5781\u001b[0m\u001b[24m\n"}
{"level":"info","time":"2024-07-04T13:13:58.482+0200","caller":"terminal/terminal.go:187","msg":"\u001b[32m✔\u001b[0m [1]  \u001b[2mcache-download (1s)\u001b[22m\n"}
{"level":"info","time":"2024-07-04T13:13:58.760+0200","caller":"terminal/terminal.go:187","msg":"\u001b[32m✔\u001b[0m [2]  \u001b[2mcache-download (2s)\u001b[22m\n"}
{"level":"info","time":"2024-07-04T13:14:16.316+0200","caller":"terminal/terminal.go:187","msg":"\u001b[32m✔\u001b[0m [2]  \u001b[2msetup-runtime (18s)\u001b[22m\n"}
{"level":"info","time":"2024-07-04T13:14:23.268+0200","caller":"terminal/terminal.go:187","msg":"\u001b[32m✔\u001b[0m [1]  \u001b[2msetup-runtime (25s)\u001b[22m\n"}
{"level":"info","time":"2024-07-04T13:14:37.513+0200","caller":"terminal/terminal.go:187","msg":"\u001b[32m✔\u001b[0m [2]  \u001b[2mpre (21s)\u001b[22m\n"}
{"level":"info","time":"2024-07-04T13:14:46.879+0200","caller":"terminal/terminal.go:187","msg":"\u001b[32m✔\u001b[0m [1]  \u001b[2mpre (24s)\u001b[22m\n"}
{"level":"debug","time":"2024-07-04T13:16:35.977+0200","caller":"events/manager.go:268","msg":"Connection to server failed, Reconnecting!!"}
{"level":"debug","time":"2024-07-04T13:16:36.770+0200","caller":"events/manager.go:277","msg":"connection to hyperexecute server established successfully."}
{"level":"debug","time":"2024-07-04T13:18:16.782+0200","caller":"events/manager.go:268","msg":"Connection to server failed, Reconnecting!!"}
{"level":"debug","time":"2024-07-04T13:18:17.763+0200","caller":"events/manager.go:277","msg":"connection to hyperexecute server established successfully."}
{"level":"info","time":"2024-07-04T13:19:38.514+0200","caller":"terminal/terminal.go:187","msg":"\u001b[91mx\u001b[0m [2]  \u001b[2mmvn clean install (4m51s)\u001b[22m\n"}
{"level":"info","time":"2024-07-04T13:19:39.351+0200","caller":"terminal/terminal.go:187","msg":"\u001b[91mx\u001b[0m [1]  \u001b[2mmvn clean install (4m44s)\u001b[22m\n"}
{"level":"info","time":"2024-07-04T13:20:01.861+0200","caller":"terminal/terminal.go:187","msg":"\u001b[91mx\u001b[0m [2] \u001b[2m {retry 1}\u001b[22m \u001b[2mmvn clean install (23s)\u001b[22m\n"}
{"level":"info","time":"2024-07-04T13:20:03.772+0200","caller":"terminal/terminal.go:187","msg":"\u001b[91mx\u001b[0m [1] \u001b[2m {retry 1}\u001b[22m \u001b[2mmvn clean install (24s)\u001b[22m\n"}
{"level":"info","time":"2024-07-04T13:20:08.342+0200","caller":"terminal/terminal.go:187","msg":"\u001b[32m✔\u001b[0m [2]  \u001b[2mcache-upload (2s)\u001b[22m\n"}
{"level":"debug","time":"2024-07-04T13:20:10.317+0200","caller":"jobmanager/sse_setup.go:136","msg":"\n\nJob status"}
{"level":"info","time":"2024-07-04T13:20:10.317+0200","caller":"core/lifecycle.go:716","msg":"taskId:541027ad-044b-47d7-a7d1-24515cf168c3 has failed with remark: error in running test suites - step 1 - exit status 1\n"}
{"level":"info","time":"2024-07-04T13:20:10.317+0200","caller":"core/lifecycle.go:716","msg":"taskId:c53b5c8e-8db1-47f3-9c3a-6506fd7c70af has failed with remark: error in running test suites - step 1 - exit status 1\n"}
{"level":"debug","time":"2024-07-04T13:20:10.317+0200","caller":"core/lifecycle.go:808","msg":"Context canceled"}
{"level":"info","time":"2024-07-04T13:20:10.317+0200","caller":"core/lifecycle.go:811","msg":"\u001b[2mStopping pipeline gracefully\u001b[22m"}
{"level":"error","time":"2024-07-04T13:20:10.318+0200","caller":"core/lifecycle.go:814","msg":"2024-07-04T13:13:41+02:00    error    Exiting with error: Failed tasks found."}
{"level":"info","time":"2024-07-04T13:20:10.318+0200","caller":"jobmanager/manager.go:141","msg":"Job Link: \u001b[4m\u001b[34mhttps://hyperexecute.lambdatest.com/hyperexecute/task?jobId=e2f15fe5-fa85-4ef1-bbc2-dc73ed2b5781\u001b[0m\u001b[24m\n"}
{"level":"debug","time":"2024-07-04T13:20:10.318+0200","caller":"core/lifecycle.go:55","msg":"Quit requested from main goroutine...."}
{"level":"debug","time":"2024-07-04T13:20:10.318+0200","caller":"core/lifecycle.go:56","msg":"Waiting for the goroutines to exit"}
{"level":"info","time":"2024-07-04T13:20:26.151+0200","caller":"jobmanager/JobSummaryManager.go:54","msg":"\n\u001b[101m FAILED \u001b[0m\n"}
{"level":"info","time":"2024-07-04T13:20:26.151+0200","caller":"jobmanager/JobSummaryManager.go:113","msg":"    \u001b[1mTest Execution Time\u001b[22m:                  \u001b[91m6s\u001b[0m"}
{"level":"info","time":"2024-07-04T13:20:26.151+0200","caller":"jobmanager/JobSummaryManager.go:113","msg":"    \u001b[1mJob Duration Time\u001b[22m:                    6m12s"}
{"level":"info","time":"2024-07-04T13:20:26.151+0200","caller":"jobmanager/JobSummaryManager.go:113","msg":"    \u001b[1mTotal Tasks\u001b[22m:                          2"}
{"level":"info","time":"2024-07-04T13:20:26.151+0200","caller":"jobmanager/JobSummaryManager.go:113","msg":"    \u001b[1mCumulative Time Consumed\u001b[22m:             12m21s"}
{"level":"info","time":"2024-07-04T13:20:26.151+0200","caller":"jobmanager/JobSummaryManager.go:113","msg":"    \u001b[1mTotal Stages\u001b[22m:                         4"}
{"level":"info","time":"2024-07-04T13:20:26.151+0200","caller":"jobmanager/JobSummaryManager.go:113","msg":"    \u001b[1mPass discovery stage percentage\u001b[22m:      0.00%"}
{"level":"info","time":"2024-07-04T13:20:26.151+0200","caller":"jobmanager/JobSummaryManager.go:113","msg":"    \u001b[1mFailed discovery stage percentage\u001b[22m:    0.00%"}
{"level":"info","time":"2024-07-04T13:20:26.151+0200","caller":"jobmanager/JobSummaryManager.go:113","msg":"    \u001b[1mPass pre stage percentage\u001b[22m:            \u001b[92m100.00%\u001b[0m"}
{"level":"info","time":"2024-07-04T13:20:26.151+0200","caller":"jobmanager/JobSummaryManager.go:113","msg":"    \u001b[1mFailed pre stage percentage\u001b[22m:          0.00%"}
{"level":"info","time":"2024-07-04T13:20:26.151+0200","caller":"jobmanager/JobSummaryManager.go:113","msg":"    \u001b[1mPass test stage percentage\u001b[22m:           0.00%"}
{"level":"info","time":"2024-07-04T13:20:26.151+0200","caller":"jobmanager/JobSummaryManager.go:113","msg":"    \u001b[1mFailed test stage percentage\u001b[22m:         \u001b[91m100.00%\u001b[0m"}
{"level":"info","time":"2024-07-04T13:20:26.151+0200","caller":"jobmanager/JobSummaryManager.go:113","msg":"    \u001b[1mPass post stage percentage\u001b[22m:           0.00%"}
{"level":"info","time":"2024-07-04T13:20:26.151+0200","caller":"jobmanager/JobSummaryManager.go:113","msg":"    \u001b[1mFailed post stage percentage\u001b[22m:         0.00%"}
{"level":"info","time":"2024-07-04T13:20:26.152+0200","caller":"jobmanager/JobSummaryManager.go:113","msg":"    \u001b[1mFailed Tasks\u001b[22m:                         2"}
{"level":"info","time":"2024-07-04T13:20:26.152+0200","caller":"jobmanager/JobSummaryManager.go:58","msg":""}
{"level":"debug","time":"2024-07-04T13:20:40.319+0200","caller":"cmd/bin.go:343","msg":"Exiting application due to error Failed tasks found."}
{"level":"debug","time":"2024-07-04T13:20:40.319+0200","caller":"cmd/bin.go:304","msg":"main: all goroutines have finished."}
{"level":"debug","time":"2024-07-04T13:22:43.468+0200","caller":"cmd/bin.go:120","msg":"cli os: darwin, cli arch: arm64"}
{"level":"debug","time":"2024-07-04T13:22:43.809+0200","caller":"cmd/bin.go:129","msg":"Upstream version details: {Name:cli Min:0.2.195 Max:0.2.199} "}
{"level":"debug","time":"2024-07-04T13:22:44.780+0200","caller":"core/lifecycle.go:104","msg":"Setting environment"}
{"level":"debug","time":"2024-07-04T13:22:44.792+0200","caller":"core/lifecycle.go:107","msg":"Parsing config"}
{"level":"debug","time":"2024-07-04T13:22:44.792+0200","caller":"yamlconfigmanager/setup.go:569","msg":"Custom location for .hyperexecute.yaml specified. Using: hyperexecute.yaml"}
{"level":"debug","time":"2024-07-04T13:22:44.792+0200","caller":"yamlconfigmanager/setup.go:90","msg":"using hyperexecute config from : hyperexecute.yaml"}
{"level":"debug","time":"2024-07-04T13:22:45.125+0200","caller":"yamlconfigmanager/setup.go:2110","msg":"Autodetecting test type in files of path : /Users/la56qs/MyDevelopmentWork/TestExecutionPlatform/playwright-hyperexecute"}
{"level":"debug","time":"2024-07-04T13:22:45.125+0200","caller":"yamlconfigmanager/setup.go:2152","msg":"File in which test type is detected - /Users/la56qs/MyDevelopmentWork/TestExecutionPlatform/playwright-hyperexecute/pom.xml"}
{"level":"debug","time":"2024-07-04T13:22:45.125+0200","caller":"yamlconfigmanager/setup.go:2153","msg":"Pre command in which test type is detected - "}
{"level":"debug","time":"2024-07-04T13:22:45.125+0200","caller":"yamlconfigmanager/setup.go:397","msg":"Automatic test type detected - playwright"}
{"level":"debug","time":"2024-07-04T13:22:45.125+0200","caller":"yamlconfigmanager/setup.go:421","msg":"Tunnel: false"}
{"level":"info","time":"2024-07-04T13:22:45.125+0200","caller":"models/HypertestYamlConfig.go:634","msg":"\n\u001b[4m\u001b[1m\u001b[97mExecution Plan\u001b[0m\u001b[22m\u001b[24m"}
{"level":"info","time":"2024-07-04T13:22:45.126+0200","caller":"models/HypertestYamlConfig.go:440","msg":"Mode:    \u001b[36mmatrix\u001b[0m"}
{"level":"info","time":"2024-07-04T13:22:45.126+0200","caller":"models/HypertestYamlConfig.go:498","msg":"Runson:    \u001b[36mwin\u001b[0m"}
{"level":"info","time":"2024-07-04T13:22:45.126+0200","caller":"models/HypertestYamlConfig.go:506","msg":"Concurrency:    \u001b[36m2\u001b[0m"}
{"level":"info","time":"2024-07-04T13:22:45.126+0200","caller":"models/HypertestYamlConfig.go:567","msg":"Report:    \u001b[36mdisabled\u001b[0m"}
{"level":"info","time":"2024-07-04T13:22:45.126+0200","caller":"models/HypertestYamlConfig.go:581","msg":"Artefacts:"}
{"level":"info","time":"2024-07-04T13:22:45.126+0200","caller":"models/HypertestYamlConfig.go:584","msg":"    Surefire-Report:    \u001b[36mtarget/surefire-reports/**\u001b[0m"}
{"level":"info","time":"2024-07-04T13:22:45.126+0200","caller":"models/HypertestYamlConfig.go:599","msg":"Cache Directories:"}
{"level":"info","time":"2024-07-04T13:22:45.126+0200","caller":"models/HypertestYamlConfig.go:601","msg":"    \u001b[36m.m2\u001b[0m"}
{"level":"info","time":"2024-07-04T13:22:45.126+0200","caller":"models/HypertestYamlConfig.go:647","msg":""}
{"level":"debug","time":"2024-07-04T13:22:45.126+0200","caller":"filevalidator/setup.go:46","msg":"Warning: Checking data.json file in current directory, no dataJsonPath found in .hyperexecute.yaml"}
{"level":"debug","time":"2024-07-04T13:22:45.126+0200","caller":"filevalidator/setup.go:50","msg":"Warning: data.json file doesn't exist"}
{"level":"debug","time":"2024-07-04T13:22:46.269+0200","caller":"core/lifecycle.go:463","msg":"Job ID: 6b6bf1a7-b676-420e-a06a-33efdd54cfa8"}
{"level":"debug","time":"2024-07-04T13:22:46.269+0200","caller":"events/manager.go:95","msg":"Starting event manager"}
{"level":"debug","time":"2024-07-04T13:22:46.269+0200","caller":"events/manager.go:97","msg":"SSE enabled, getting SSE connection"}
{"level":"debug","time":"2024-07-04T13:22:46.269+0200","caller":"core/lifecycle.go:469","msg":"User has provided playwright as test type for the job with ID 6b6bf1a7-b676-420e-a06a-33efdd54cfa8"}
{"level":"debug","time":"2024-07-04T13:22:46.270+0200","caller":"archivemanager/setup.go:340","msg":"digestMap: map[]"}
{"level":"debug","time":"2024-07-04T13:22:46.270+0200","caller":"archivemanager/setup.go:346","msg":"Creating archive of target directory: /Users/la56qs/MyDevelopmentWork/TestExecutionPlatform/playwright-hyperexecute"}
{"level":"debug","time":"2024-07-04T13:22:46.284+0200","caller":"core/lifecycle.go:598","msg":"Zip file size: 10.86 kB"}
{"level":"debug","time":"2024-07-04T13:22:46.285+0200","caller":"core/lifecycle.go:608","msg":"Archive location: /Users/la56qs/MyDevelopmentWork/TestExecutionPlatform/playwright-hyperexecute/hyperexecute-code-6b6bf1a7-b676-420e-a06a-33efdd54cfa8.zip\n"}
{"level":"debug","time":"2024-07-04T13:22:46.291+0200","caller":"storage/azure.go:55","msg":"Payload size: 10.86 kB, source path /Users/la56qs/MyDevelopmentWork/TestExecutionPlatform/playwright-hyperexecute/hyperexecute-code-6b6bf1a7-b676-420e-a06a-33efdd54cfa8.zip"}
{"level":"debug","time":"2024-07-04T13:22:46.525+0200","caller":"storage/azure.go:55","msg":"Payload size: 4.41 kB, source path /var/folders/y0/_0tc1f095m78vbw7gvs6fr1c0000gp/T/git.diff"}
{"level":"debug","time":"2024-07-04T13:22:46.762+0200","caller":"events/manager.go:277","msg":"connection to hyperexecute server established successfully."}
{"level":"debug","time":"2024-07-04T13:22:49.103+0200","caller":"receptionmanager/setup.go:265","msg":"only one runtime entry detected, mapping it to older yaml format"}
{"level":"debug","time":"2024-07-04T13:22:49.104+0200","caller":"receptionmanager/setup.go:284","msg":"number of entries in partialreports: 1, switching to new yaml format"}
{"level":"debug","time":"2024-07-04T13:22:49.104+0200","caller":"receptionmanager/setup.go:172","msg":"Uploading yaml : /Users/la56qs/MyDevelopmentWork/TestExecutionPlatform/playwright-hyperexecute/.updatedhyperexecute.yaml"}
{"level":"debug","time":"2024-07-04T13:22:49.112+0200","caller":"storage/azure.go:55","msg":"Payload size: 2.74 kB, source path /Users/la56qs/MyDevelopmentWork/TestExecutionPlatform/playwright-hyperexecute/.updatedhyperexecute.yaml"}
{"level":"debug","time":"2024-07-04T13:22:51.882+0200","caller":"storage/azure.go:55","msg":"Payload size: 563 B, source path mask-6b6bf1a7-b676-420e-a06a-33efdd54cfa8.yaml"}
{"level":"debug","time":"2024-07-04T13:22:54.573+0200","caller":"core/lifecycle.go:636","msg":"Successfully deleted code archive: /Users/la56qs/MyDevelopmentWork/TestExecutionPlatform/playwright-hyperexecute/hyperexecute-code-6b6bf1a7-b676-420e-a06a-33efdd54cfa8.zip\n"}
{"level":"debug","time":"2024-07-04T13:22:55.599+0200","caller":"core/lifecycle.go:735","msg":"Job progress won't be tracked as no-track flag is set true"}
{"level":"debug","time":"2024-07-04T13:22:55.599+0200","caller":"core/lifecycle.go:808","msg":"Context canceled"}
{"level":"info","time":"2024-07-04T13:22:55.599+0200","caller":"core/lifecycle.go:811","msg":"\u001b[2mStopping pipeline gracefully\u001b[22m"}
{"level":"info","time":"2024-07-04T13:22:55.599+0200","caller":"jobmanager/manager.go:141","msg":"Job Link: \u001b[4m\u001b[34mhttps://hyperexecute.lambdatest.com/hyperexecute/task?jobId=6b6bf1a7-b676-420e-a06a-33efdd54cfa8\u001b[0m\u001b[24m\n"}
{"level":"debug","time":"2024-07-04T13:22:55.599+0200","caller":"core/lifecycle.go:55","msg":"Quit requested from main goroutine...."}
{"level":"debug","time":"2024-07-04T13:22:55.599+0200","caller":"core/lifecycle.go:56","msg":"Waiting for the goroutines to exit"}
{"level":"debug","time":"2024-07-04T13:23:25.600+0200","caller":"cmd/bin.go:304","msg":"main: all goroutines have finished."}
